TN:
SF:src/app.ts
FN:21,(anonymous_12)
FN:33,(anonymous_13)
FN:38,(anonymous_14)
FN:44,(anonymous_15)
FN:48,(anonymous_16)
FN:57,(anonymous_18)
FNF:6
FNH:6
FNDA:2,(anonymous_12)
FNDA:2,(anonymous_13)
FNDA:2,(anonymous_14)
FNDA:2,(anonymous_15)
FNDA:2,(anonymous_16)
FNDA:2,(anonymous_18)
DA:1,2
DA:2,2
DA:4,2
DA:5,2
DA:7,2
DA:8,2
DA:9,2
DA:10,2
DA:11,2
DA:13,2
DA:16,2
DA:22,2
DA:23,2
DA:24,2
DA:25,2
DA:26,2
DA:27,2
DA:29,2
DA:30,2
DA:34,2
DA:35,2
DA:39,2
DA:40,2
DA:41,2
DA:45,2
DA:49,2
DA:50,2
DA:51,2
DA:52,2
DA:53,2
DA:54,2
DA:58,2
LF:32
LH:32
BRF:0
BRH:0
end_of_record
TN:
SF:src/main.ts
FN:31,(anonymous_1)
FN:45,bootstrap
FNF:2
FNH:2
FNDA:2,(anonymous_1)
FNDA:2,bootstrap
DA:1,2
DA:2,2
DA:3,2
DA:4,2
DA:5,2
DA:6,2
DA:7,2
DA:8,2
DA:11,2
DA:16,2
DA:18,2
DA:19,2
DA:21,2
DA:22,2
DA:24,2
DA:31,2
DA:32,2
DA:33,2
DA:34,2
DA:35,2
DA:36,2
DA:37,2
DA:38,2
DA:39,2
DA:40,2
DA:41,2
DA:42,2
DA:46,2
DA:47,2
DA:48,2
DA:49,2
DA:50,2
DA:51,2
DA:54,2
LF:34
LH:34
BRF:0
BRH:0
end_of_record
TN:
SF:src/types.ts
FNF:0
FNH:0
DA:1,2
LF:1
LH:1
BRF:0
BRH:0
end_of_record
TN:
SF:src/common/auth.guard.ts
FN:6,(anonymous_0)
FNF:1
FNH:1
FNDA:5,(anonymous_0)
DA:2,2
DA:5,2
DA:7,5
DA:8,4
DA:10,1
LF:5
LH:5
BRDA:7,0,0,4
BRF:1
BRH:1
end_of_record
TN:
SF:src/common/auth.middleware.ts
FN:7,(anonymous_0)
FN:9,(anonymous_1)
FN:14,(anonymous_2)
FNF:3
FNH:3
FNDA:2,(anonymous_0)
FNDA:13,(anonymous_1)
FNDA:4,(anonymous_2)
DA:3,2
DA:6,2
DA:7,2
DA:10,13
DA:11,9
DA:14,4
DA:15,4
DA:16,0
DA:17,4
DA:18,4
DA:19,4
LF:11
LH:10
BRDA:10,0,0,9
BRDA:15,1,0,0
BRDA:15,1,1,4
BRDA:17,2,0,4
BRF:4
BRH:3
end_of_record
TN:
SF:src/common/base.controller.ts
FN:17,(anonymous_2)
FN:13,(anonymous_3)
FN:22,(anonymous_4)
FN:25,(anonymous_5)
FN:32,(anonymous_6)
FN:36,(anonymous_7)
FNF:6
FNH:6
FNDA:4,(anonymous_2)
FNDA:18,(anonymous_3)
FNDA:4,(anonymous_4)
FNDA:18,(anonymous_5)
FNDA:8,(anonymous_6)
FNDA:8,(anonymous_7)
DA:1,2
DA:2,2
DA:5,2
DA:8,2
DA:14,18
DA:18,4
DA:19,4
DA:23,4
DA:24,14
DA:25,18
DA:26,14
DA:27,14
DA:28,14
DA:33,8
DA:37,8
LF:15
LH:15
BRDA:25,0,0,0
BRDA:25,0,1,14
BRDA:25,1,0,14
BRDA:25,1,1,14
BRDA:27,2,0,14
BRDA:27,2,1,0
BRF:6
BRH:4
end_of_record
TN:
SF:src/common/validate.middleware.ts
FN:7,(anonymous_0)
FN:9,(anonymous_1)
FN:11,(anonymous_2)
FNF:3
FNH:3
FNDA:8,(anonymous_0)
FNDA:11,(anonymous_1)
FNDA:11,(anonymous_2)
DA:1,2
DA:2,2
DA:6,2
DA:7,8
DA:10,11
DA:11,11
DA:12,11
DA:13,0
DA:15,11
LF:9
LH:8
BRDA:12,0,0,0
BRDA:12,0,1,11
BRF:2
BRH:1
end_of_record
TN:
SF:src/config/config.service.ts
FN:12,(anonymous_4)
FN:22,(anonymous_5)
FNF:2
FNH:2
FNDA:2,(anonymous_4)
FNDA:8,(anonymous_5)
DA:1,2
DA:3,2
DA:4,2
DA:5,2
DA:9,2
DA:12,2
DA:13,2
DA:14,2
DA:15,0
DA:17,2
DA:18,2
DA:23,8
LF:12
LH:11
BRDA:14,0,0,0
BRDA:14,0,1,2
BRF:2
BRH:1
end_of_record
TN:
SF:src/database/prisma.service.ts
FN:11,(anonymous_11)
FN:15,(anonymous_12)
FNF:2
FNH:2
FNDA:2,(anonymous_11)
FNDA:2,(anonymous_12)
DA:1,2
DA:2,2
DA:4,2
DA:5,2
DA:8,2
DA:11,2
DA:12,2
DA:16,2
DA:17,2
DA:18,2
DA:20,0
DA:21,0
LF:12
LH:10
BRDA:20,0,0,0
BRF:1
BRH:0
end_of_record
TN:
SF:src/errors/exeption.filter.ts
FN:12,(anonymous_4)
FN:14,(anonymous_5)
FNF:2
FNH:2
FNDA:2,(anonymous_4)
FNDA:5,(anonymous_5)
DA:3,2
DA:5,2
DA:7,2
DA:8,2
DA:11,2
DA:12,2
DA:15,5
DA:16,5
DA:17,5
DA:19,0
DA:20,0
LF:11
LH:9
BRDA:15,0,0,5
BRDA:15,0,1,0
BRF:2
BRH:1
end_of_record
TN:
SF:src/errors/http-error.ts
FN:6,(anonymous_0)
FNF:1
FNH:1
FNDA:5,(anonymous_0)
DA:1,2
DA:7,5
DA:8,5
DA:9,5
DA:10,5
LF:5
LH:5
BRF:0
BRH:0
end_of_record
TN:
SF:src/logger/logger.service.ts
FN:10,(anonymous_2)
FN:19,(anonymous_3)
FN:23,(anonymous_4)
FN:27,(anonymous_5)
FNF:4
FNH:3
FNDA:2,(anonymous_2)
FNDA:20,(anonymous_3)
FNDA:0,(anonymous_4)
FNDA:5,(anonymous_5)
DA:1,2
DA:2,2
DA:4,2
DA:7,2
DA:11,2
DA:20,20
DA:24,0
DA:28,5
LF:8
LH:7
BRF:0
BRH:0
end_of_record
TN:
SF:src/photos/photo.entity.ts
FN:2,(anonymous_0)
FN:5,(anonymous_1)
FN:9,(anonymous_2)
FNF:3
FNH:2
FNDA:1,(anonymous_0)
FNDA:1,(anonymous_1)
FNDA:0,(anonymous_2)
DA:1,2
DA:2,1
DA:6,1
DA:10,0
LF:4
LH:3
BRF:0
BRH:0
end_of_record
TN:
SF:src/photos/photo.service.ts
FN:13,(anonymous_11)
FN:15,(anonymous_12)
FN:19,(anonymous_14)
FN:23,(anonymous_16)
FNF:4
FNH:3
FNDA:2,(anonymous_11)
FNDA:2,(anonymous_12)
FNDA:0,(anonymous_14)
FNDA:1,(anonymous_16)
DA:2,2
DA:4,2
DA:5,2
DA:8,2
DA:12,2
DA:13,2
DA:16,2
DA:20,0
DA:24,1
DA:25,1
DA:26,1
LF:11
LH:10
BRF:0
BRH:0
end_of_record
TN:
SF:src/photos/photos.controller.ts
FN:19,(anonymous_11)
FN:47,(anonymous_12)
FN:51,(anonymous_14)
FN:65,(anonymous_16)
FNF:4
FNH:3
FNDA:2,(anonymous_11)
FNDA:0,(anonymous_12)
FNDA:1,(anonymous_14)
FNDA:2,(anonymous_16)
DA:2,2
DA:4,2
DA:5,2
DA:6,2
DA:8,2
DA:10,2
DA:11,2
DA:12,2
DA:15,2
DA:18,2
DA:20,2
DA:21,2
DA:22,2
DA:24,2
DA:25,2
DA:48,0
DA:56,1
DA:57,1
DA:58,0
DA:59,0
DA:62,1
DA:70,2
DA:71,2
DA:72,1
DA:74,1
LF:25
LH:22
BRDA:57,0,0,0
BRDA:71,1,0,1
BRF:2
BRH:1
end_of_record
TN:
SF:src/photos/photos.repository.ts
FN:10,(anonymous_11)
FN:12,(anonymous_12)
FN:26,(anonymous_14)
FN:34,(anonymous_16)
FNF:4
FNH:3
FNDA:2,(anonymous_11)
FNDA:1,(anonymous_12)
FNDA:2,(anonymous_14)
FNDA:0,(anonymous_16)
DA:2,2
DA:3,2
DA:4,2
DA:9,2
DA:10,2
DA:13,1
DA:27,2
DA:35,0
LF:8
LH:7
BRF:0
BRH:0
end_of_record
TN:
SF:src/photos/dto/photo-create.dto.ts
FN:26,(anonymous_2)
FN:31,(anonymous_3)
FN:46,(anonymous_4)
FNF:3
FNH:3
FNDA:1,(anonymous_2)
FNDA:1,(anonymous_3)
FNDA:1,(anonymous_4)
DA:1,2
DA:2,2
DA:6,2
DA:9,2
DA:14,2
DA:17,2
DA:20,2
DA:26,1
DA:27,2
DA:31,1
DA:32,2
DA:35,2
DA:38,2
DA:41,2
DA:46,1
DA:48,2
LF:16
LH:16
BRF:0
BRH:0
end_of_record
TN:
SF:src/photos/dto/photo-get.dto.ts
FNF:0
FNH:0
DA:1,2
DA:3,2
DA:5,2
LF:3
LH:3
BRF:0
BRH:0
end_of_record
TN:
SF:src/users/user.entity.ts
FN:6,(anonymous_7)
FN:16,(anonymous_8)
FN:20,(anonymous_9)
FN:24,(anonymous_10)
FN:28,(anonymous_11)
FN:32,(anonymous_13)
FNF:6
FNH:3
FNDA:7,(anonymous_7)
FNDA:0,(anonymous_8)
FNDA:0,(anonymous_9)
FNDA:0,(anonymous_10)
FNDA:1,(anonymous_11)
FNDA:6,(anonymous_13)
DA:1,2
DA:3,2
DA:7,7
DA:8,7
DA:11,7
DA:12,6
DA:17,0
DA:21,0
DA:25,0
DA:29,1
DA:33,6
LF:11
LH:8
BRDA:11,0,0,6
BRF:1
BRH:1
end_of_record
TN:
SF:src/users/user.service.ts
FN:14,(anonymous_11)
FN:19,(anonymous_12)
FN:31,(anonymous_14)
FN:40,(anonymous_16)
FNF:4
FNH:4
FNDA:2,(anonymous_11)
FNDA:1,(anonymous_12)
FNDA:7,(anonymous_14)
FNDA:1,(anonymous_16)
DA:3,2
DA:5,2
DA:6,2
DA:8,2
DA:13,2
DA:15,2
DA:16,2
DA:20,1
DA:21,1
DA:22,1
DA:24,1
DA:25,1
DA:26,1
DA:28,0
DA:32,7
DA:33,7
DA:34,1
DA:36,6
DA:37,6
DA:41,1
LF:20
LH:19
BRDA:25,0,0,1
BRDA:33,1,0,1
BRF:2
BRH:2
end_of_record
TN:
SF:src/users/users.controller.ts
FN:20,(anonymous_11)
FN:55,(anonymous_12)
FN:69,(anonymous_14)
FN:82,(anonymous_16)
FN:86,(anonymous_18)
FN:91,(anonymous_19)
FN:92,(anonymous_20)
FN:99,(anonymous_21)
FNF:8
FNH:7
FNDA:2,(anonymous_11)
FNDA:1,(anonymous_12)
FNDA:7,(anonymous_14)
FNDA:1,(anonymous_16)
FNDA:0,(anonymous_18)
FNDA:5,(anonymous_19)
FNDA:5,(anonymous_20)
FNDA:5,(anonymous_21)
DA:2,2
DA:3,2
DA:5,2
DA:6,2
DA:7,2
DA:9,2
DA:10,2
DA:12,2
DA:15,2
DA:16,2
DA:19,2
DA:21,2
DA:22,2
DA:23,2
DA:25,2
DA:27,2
DA:60,1
DA:61,1
DA:62,1
DA:65,0
DA:66,0
DA:74,7
DA:75,7
DA:76,2
DA:78,5
DA:79,5
DA:83,1
DA:87,0
DA:88,0
DA:92,5
DA:93,5
DA:100,5
DA:101,0
DA:103,5
LF:34
LH:29
BRDA:61,0,0,1
BRDA:75,1,0,2
BRDA:100,2,0,0
BRF:3
BRH:2
end_of_record
TN:
SF:src/users/users.repository.ts
FN:10,(anonymous_11)
FN:12,(anonymous_12)
FN:22,(anonymous_14)
FN:30,(anonymous_16)
FNF:4
FNH:3
FNDA:2,(anonymous_11)
FNDA:0,(anonymous_12)
FNDA:8,(anonymous_14)
FNDA:1,(anonymous_16)
DA:2,2
DA:3,2
DA:4,2
DA:9,2
DA:10,2
DA:13,0
DA:23,8
DA:31,1
LF:8
LH:7
BRF:0
BRH:0
end_of_record
TN:
SF:src/users/dto/user-login.dto.ts
FNF:0
FNH:0
DA:1,2
DA:3,2
DA:6,2
DA:10,2
LF:4
LH:4
BRF:0
BRH:0
end_of_record
TN:
SF:src/users/dto/user-register.dto.ts
FNF:0
FNH:0
DA:1,2
DA:3,2
DA:6,2
DA:10,2
DA:14,2
LF:5
LH:5
BRF:0
BRH:0
end_of_record
